<?xml version="1.0" encoding="UTF-8"?>
<testsuite name="kyh.springCoreBasic.discount.RateDiscountPolicyTest" tests="2" skipped="0" failures="0" errors="0" timestamp="2023-12-25T18:00:54" hostname="dwax1324s-MacBook-Pro.local" time="0.07">
  <properties/>
  <testcase name="VIP는 10프로 할인이 적용됨" classname="kyh.springCoreBasic.discount.RateDiscountPolicyTest" time="0.068"/>
  <testcase name="VIP가 아니면 할인 적용되지 않아야 한다" classname="kyh.springCoreBasic.discount.RateDiscountPolicyTest" time="0.001"/>
  <system-out><![CDATA[]]></system-out>
  <system-err><![CDATA[]]></system-err>
</testsuite>
