<?xml version="1.0" encoding="UTF-8"?>
<testsuite name="kyh.springCoreBasic.order.OrderServiceTest" tests="1" skipped="0" failures="0" errors="0" timestamp="2023-12-25T17:09:08" hostname="dwax1324s-MacBook-Pro.local" time="0.059">
  <properties/>
  <testcase name="createOrder()" classname="kyh.springCoreBasic.order.OrderServiceTest" time="0.059"/>
  <system-out><![CDATA[]]></system-out>
  <system-err><![CDATA[]]></system-err>
</testsuite>
