<?xml version="1.0" encoding="UTF-8"?>
<testsuite name="kyh.springCoreBasic.member.MemberServiceTest" tests="1" skipped="0" failures="0" errors="0" timestamp="2023-12-25T15:14:53" hostname="dwax1324s-MacBook-Pro.local" time="0.048">
  <properties/>
  <testcase name="join()" classname="kyh.springCoreBasic.member.MemberServiceTest" time="0.048"/>
  <system-out><![CDATA[]]></system-out>
  <system-err><![CDATA[]]></system-err>
</testsuite>
